{
  message: 'database connected',
  level: 'info',
  service: 'user-service',
  label: 'HI',
  timestamp: '2024-10-18T01:20:18.295Z'
}
{
  message: 'Application listening on port 3000',
  level: 'info',
  service: 'user-service',
  label: 'HI',
  timestamp: '2024-10-18T01:20:18.318Z'
}
{
  message: 'database connected',
  level: 'info',
  service: 'user-service',
  label: 'HI',
  timestamp: '2024-10-18T01:21:08.068Z'
}
{
  message: 'Application listening on port 3000',
  level: 'info',
  service: 'user-service',
  label: 'HI',
  timestamp: '2024-10-18T01:21:08.086Z'
}
{
  message: 'database connected',
  level: 'info',
  service: 'user-service',
  label: 'HI',
  timestamp: '2024-10-18T01:21:18.613Z'
}
{
  message: 'Application listening on port 3000',
  level: 'info',
  service: 'user-service',
  label: 'HI',
  timestamp: '2024-10-18T01:21:18.626Z'
}
{
  message: 'database connected',
  level: 'info',
  service: 'user-service',
  label: 'HI',
  timestamp: '2024-10-18T01:21:29.980Z'
}
{
  message: 'Application listening on port 3000',
  level: 'info',
  service: 'user-service',
  label: 'HI',
  timestamp: '2024-10-18T01:21:30.001Z'
}
{
  message: 'database connected',
  level: 'info',
  service: 'user-service',
  label: 'HI',
  timestamp: '2024-10-18T01:42:43.492Z'
}
{
  message: 'Application listening on port 3000',
  level: 'info',
  service: 'user-service',
  label: 'HI',
  timestamp: '2024-10-18T01:42:43.515Z'
}
{
  message: 'database connected',
  level: 'info',
  service: 'user-service',
  label: 'HI',
  timestamp: '2024-10-18T01:44:17.030Z'
}
{
  message: 'Application listening on port 3000',
  level: 'info',
  service: 'user-service',
  label: 'HI',
  timestamp: '2024-10-18T01:44:17.049Z'
}
{
  message: 'database connected',
  level: 'info',
  service: 'user-service',
  label: 'HI',
  timestamp: '2024-10-18T01:44:22.335Z'
}
{
  message: 'Application listening on port 3000',
  level: 'info',
  service: 'user-service',
  label: 'HI',
  timestamp: '2024-10-18T01:44:22.350Z'
}
{
  message: 'database connected',
  level: 'info',
  service: 'user-service',
  label: 'HI',
  timestamp: '2024-10-18T01:44:28.801Z'
}
{
  message: 'Application listening on port 3000',
  level: 'info',
  service: 'user-service',
  label: 'HI',
  timestamp: '2024-10-18T01:44:28.817Z'
}
{
  message: 'database connected',
  level: 'info',
  service: 'user-service',
  label: 'HI',
  timestamp: '2024-10-18T01:44:39.248Z'
}
{
  message: 'Application listening on port 3000',
  level: 'info',
  service: 'user-service',
  label: 'HI',
  timestamp: '2024-10-18T01:44:39.269Z'
}
{
  message: 'database connected',
  level: 'info',
  service: 'user-service',
  label: 'HI',
  timestamp: '2024-10-18T01:44:48.658Z'
}
{
  message: 'Application listening on port 3000',
  level: 'info',
  service: 'user-service',
  label: 'HI',
  timestamp: '2024-10-18T01:44:48.669Z'
}
{
  message: 'database connected',
  level: 'info',
  service: 'user-service',
  label: 'HI',
  timestamp: '2024-10-18T01:46:12.743Z'
}
{
  message: 'Application listening on port 3000',
  level: 'info',
  service: 'user-service',
  label: 'HI',
  timestamp: '2024-10-18T01:46:12.766Z'
}
