{
  message: 'database connected',
  level: 'info',
  service: 'user-service',
  label: 'HI',
  timestamp: '2024-10-18T11:55:32.003Z'
}
{
  message: 'Application listening on port 3000',
  level: 'info',
  service: 'user-service',
  label: 'HI',
  timestamp: '2024-10-18T11:55:32.020Z'
}
{
  message: 'database connected',
  level: 'info',
  service: 'user-service',
  label: 'HI',
  timestamp: '2024-10-18T11:56:19.674Z'
}
{
  message: 'Application listening on port 3000',
  level: 'info',
  service: 'user-service',
  label: 'HI',
  timestamp: '2024-10-18T11:56:19.691Z'
}
{
  message: 'database connected',
  level: 'info',
  service: 'user-service',
  label: 'HI',
  timestamp: '2024-10-18T11:56:27.121Z'
}
{
  message: 'Application listening on port 3000',
  level: 'info',
  service: 'user-service',
  label: 'HI',
  timestamp: '2024-10-18T11:56:27.141Z'
}
{
  message: 'database connected',
  level: 'info',
  service: 'user-service',
  label: 'HI',
  timestamp: '2024-10-18T11:56:35.774Z'
}
{
  message: 'Application listening on port 3000',
  level: 'info',
  service: 'user-service',
  label: 'HI',
  timestamp: '2024-10-18T11:56:35.786Z'
}
{
  message: 'database connected',
  level: 'info',
  service: 'user-service',
  label: 'HI',
  timestamp: '2024-10-18T11:56:52.084Z'
}
{
  message: 'Application listening on port 3000',
  level: 'info',
  service: 'user-service',
  label: 'HI',
  timestamp: '2024-10-18T11:56:52.102Z'
}
{
  message: 'database connected',
  level: 'info',
  service: 'user-service',
  label: 'HI',
  timestamp: '2024-10-18T11:57:06.217Z'
}
{
  message: 'Application listening on port 3000',
  level: 'info',
  service: 'user-service',
  label: 'HI',
  timestamp: '2024-10-18T11:57:06.238Z'
}
{
  message: 'database connected',
  level: 'info',
  service: 'user-service',
  label: 'HI',
  timestamp: '2024-10-18T11:57:16.260Z'
}
{
  message: 'Application listening on port 3000',
  level: 'info',
  service: 'user-service',
  label: 'HI',
  timestamp: '2024-10-18T11:57:16.293Z'
}
{
  message: 'database connected',
  level: 'info',
  service: 'user-service',
  label: 'HI',
  timestamp: '2024-10-18T11:57:34.894Z'
}
{
  message: 'Application listening on port 3000',
  level: 'info',
  service: 'user-service',
  label: 'HI',
  timestamp: '2024-10-18T11:57:34.915Z'
}
{
  message: 'database connected',
  level: 'info',
  service: 'user-service',
  label: 'HI',
  timestamp: '2024-10-18T11:57:40.788Z'
}
{
  message: 'Application listening on port 3000',
  level: 'info',
  service: 'user-service',
  label: 'HI',
  timestamp: '2024-10-18T11:57:40.804Z'
}
{
  message: 'database connected',
  level: 'info',
  service: 'user-service',
  label: 'HI',
  timestamp: '2024-10-18T11:57:46.971Z'
}
{
  message: 'Application listening on port 3000',
  level: 'info',
  service: 'user-service',
  label: 'HI',
  timestamp: '2024-10-18T11:57:46.987Z'
}
{
  message: 'database connected',
  level: 'info',
  service: 'user-service',
  label: 'HI',
  timestamp: '2024-10-18T11:57:50.948Z'
}
{
  message: 'Application listening on port 3000',
  level: 'info',
  service: 'user-service',
  label: 'HI',
  timestamp: '2024-10-18T11:57:50.956Z'
}
{
  message: 'database connected',
  level: 'info',
  service: 'user-service',
  label: 'HI',
  timestamp: '2024-10-18T11:58:15.121Z'
}
{
  message: 'Application listening on port 3000',
  level: 'info',
  service: 'user-service',
  label: 'HI',
  timestamp: '2024-10-18T11:58:15.132Z'
}
{
  message: 'database connected',
  level: 'info',
  service: 'user-service',
  label: 'HI',
  timestamp: '2024-10-18T11:58:28.440Z'
}
{
  message: 'Application listening on port 3000',
  level: 'info',
  service: 'user-service',
  label: 'HI',
  timestamp: '2024-10-18T11:58:28.450Z'
}
