{
  message: 'database connected',
  level: 'info',
  service: 'user-service',
  label: 'HI',
  timestamp: '2023-06-14T05:03:46.980Z'
}
{
  message: 'listening on port 5000',
  level: 'info',
  service: 'user-service',
  label: 'HI',
  timestamp: '2023-06-14T05:03:46.985Z'
}
{
  message: 'database connected',
  level: 'info',
  service: 'user-service',
  label: 'HI',
  timestamp: '2023-06-14T05:04:01.087Z'
}
{
  message: 'listening on port 5000',
  level: 'info',
  service: 'user-service',
  label: 'HI',
  timestamp: '2023-06-14T05:04:01.093Z'
}
{
  message: 'database connected',
  level: 'info',
  service: 'user-service',
  label: 'HI',
  timestamp: '2023-06-14T05:46:53.946Z'
}
{
  message: 'listening on port 5000',
  level: 'info',
  service: 'user-service',
  label: 'HI',
  timestamp: '2023-06-14T05:46:53.953Z'
}
{
  message: 'database connected',
  level: 'info',
  service: 'user-service',
  label: 'HI',
  timestamp: '2023-06-14T05:47:28.839Z'
}
{
  message: 'listening on port 5000',
  level: 'info',
  service: 'user-service',
  label: 'HI',
  timestamp: '2023-06-14T05:47:28.846Z'
}
{
  message: 'database connected',
  level: 'info',
  service: 'user-service',
  label: 'HI',
  timestamp: '2023-06-14T05:47:35.929Z'
}
{
  message: 'listening on port 5000',
  level: 'info',
  service: 'user-service',
  label: 'HI',
  timestamp: '2023-06-14T05:47:35.935Z'
}
