{
  message: 'database connected',
  level: 'info',
  service: 'user-service',
  label: 'HI',
  timestamp: '2023-06-16T19:00:30.747Z'
}
{
  message: 'listening on port 5000',
  level: 'info',
  service: 'user-service',
  label: 'HI',
  timestamp: '2023-06-16T19:00:30.753Z'
}
{
  message: 'database connected',
  level: 'info',
  service: 'user-service',
  label: 'HI',
  timestamp: '2023-06-16T19:00:54.556Z'
}
{
  message: 'listening on port 5000',
  level: 'info',
  service: 'user-service',
  label: 'HI',
  timestamp: '2023-06-16T19:00:54.563Z'
}
{
  message: 'database connected',
  level: 'info',
  service: 'user-service',
  label: 'HI',
  timestamp: '2023-06-16T19:12:56.740Z'
}
{
  message: 'listening on port 5000',
  level: 'info',
  service: 'user-service',
  label: 'HI',
  timestamp: '2023-06-16T19:12:56.746Z'
}
{
  message: 'database connected',
  level: 'info',
  service: 'user-service',
  label: 'HI',
  timestamp: '2023-06-16T19:16:20.667Z'
}
{
  message: 'listening on port 5000',
  level: 'info',
  service: 'user-service',
  label: 'HI',
  timestamp: '2023-06-16T19:16:20.673Z'
}
