{
  message: 'database connected',
  level: 'info',
  service: 'user-service',
  label: 'HI',
  timestamp: '2024-10-19T06:35:17.249Z'
}
{
  message: 'Application listening on port 3000',
  level: 'info',
  service: 'user-service',
  label: 'HI',
  timestamp: '2024-10-19T06:35:17.262Z'
}
{
  message: 'database connected',
  level: 'info',
  service: 'user-service',
  label: 'HI',
  timestamp: '2024-10-19T06:43:20.515Z'
}
{
  message: 'Application listening on port 3000',
  level: 'info',
  service: 'user-service',
  label: 'HI',
  timestamp: '2024-10-19T06:43:20.535Z'
}
