{
  message: 'database connected',
  level: 'info',
  service: 'user-service',
  label: 'HI',
  timestamp: '2024-10-19T16:15:07.205Z'
}
{
  message: 'Application listening on port 3000',
  level: 'info',
  service: 'user-service',
  label: 'HI',
  timestamp: '2024-10-19T16:15:07.226Z'
}
{
  message: 'database connected',
  level: 'info',
  service: 'user-service',
  label: 'HI',
  timestamp: '2024-10-19T16:20:00.881Z'
}
{
  message: 'Application listening on port 3000',
  level: 'info',
  service: 'user-service',
  label: 'HI',
  timestamp: '2024-10-19T16:20:00.893Z'
}
{
  message: 'database connected',
  level: 'info',
  service: 'user-service',
  label: 'HI',
  timestamp: '2024-10-19T16:20:24.546Z'
}
{
  message: 'Application listening on port 3000',
  level: 'info',
  service: 'user-service',
  label: 'HI',
  timestamp: '2024-10-19T16:20:24.570Z'
}
{
  message: 'database connected',
  level: 'info',
  service: 'user-service',
  label: 'HI',
  timestamp: '2024-10-19T16:20:39.809Z'
}
{
  message: 'Application listening on port 3000',
  level: 'info',
  service: 'user-service',
  label: 'HI',
  timestamp: '2024-10-19T16:20:39.829Z'
}
{
  message: 'database connected',
  level: 'info',
  service: 'user-service',
  label: 'HI',
  timestamp: '2024-10-19T16:25:44.035Z'
}
{
  message: 'Application listening on port 3000',
  level: 'info',
  service: 'user-service',
  label: 'HI',
  timestamp: '2024-10-19T16:25:44.051Z'
}
