{
  message: 'Unhandled rejection, We are closing our server',
  level: 'error',
  service: 'user-service',
  label: 'HI',
  timestamp: '2023-06-12T02:14:17.538Z'
}
{
  message: 'Unhandled rejection, We are closing our server',
  level: 'error',
  service: 'user-service',
  label: 'HI',
  timestamp: '2023-06-12T02:14:30.478Z'
}
{
  message: 'Unhandled rejection, We are closing our server',
  level: 'error',
  service: 'user-service',
  label: 'HI',
  timestamp: '2023-06-12T02:16:44.683Z'
}
{
  message: 'Unhandled rejection, We are closing our server',
  level: 'error',
  service: 'user-service',
  label: 'HI',
  timestamp: '2023-06-12T02:18:37.646Z'
}
{
  message: 'Unhandled rejection, We are closing our server',
  level: 'error',
  service: 'user-service',
  label: 'HI',
  timestamp: '2023-06-12T02:20:41.462Z'
}
{
  issues: [
    {
      code: 'invalid_type',
      expected: 'string',
      received: 'undefined',
      path: [ 'body', 'role' ],
      message: 'role is required'
    }
  ],
  addIssue: [Function (anonymous)],
  addIssues: [Function (anonymous)],
  name: 'ZodError',
  level: 'error',
  service: 'user-service',
  label: 'HI',
  timestamp: '2023-06-12T02:21:12.044Z'
}
{
  message: 'Unhandled rejection, We are closing our server',
  level: 'error',
  service: 'user-service',
  label: 'HI',
  timestamp: '2023-06-12T02:21:41.366Z'
}
{
  issues: [
    {
      code: 'invalid_type',
      expected: 'string',
      received: 'undefined',
      path: [ 'body', 'role' ],
      message: 'role is required'
    }
  ],
  addIssue: [Function (anonymous)],
  addIssues: [Function (anonymous)],
  name: 'ZodError',
  level: 'error',
  service: 'user-service',
  label: 'HI',
  timestamp: '2023-06-12T02:21:56.157Z'
}
{
  issues: [
    {
      code: 'invalid_type',
      expected: 'string',
      received: 'undefined',
      path: [ 'body', 'role' ],
      message: 'role is required'
    }
  ],
  addIssue: [Function (anonymous)],
  addIssues: [Function (anonymous)],
  name: 'ZodError',
  level: 'error',
  service: 'user-service',
  label: 'HI',
  timestamp: '2023-06-12T02:22:58.566Z'
}
{
  issues: [
    {
      code: 'invalid_type',
      expected: 'string',
      received: 'undefined',
      path: [ 'body', 'role' ],
      message: 'role is required'
    }
  ],
  addIssue: [Function (anonymous)],
  addIssues: [Function (anonymous)],
  name: 'ZodError',
  level: 'error',
  service: 'user-service',
  label: 'HI',
  timestamp: '2023-06-12T02:23:26.020Z'
}
